17:04:28 **** Incremental Build of configuration Debug for project servo ****
make -j4 all 
arm-none-eabi-gcc -o "servo.elf" @"objects.list"   -mcpu=cortex-m0 -T"D:\Code\ARM-Microcontroller\STM32\STM32F042K6T6\NUCLEO-F042K6_Projects\CubeIDE\servo\STM32F042K6TX_FLASH.ld" --specs=nosys.specs -Wl,-Map="servo.map" -Wl,--gc-sections -static --specs=nano.specs -mfloat-abi=soft -mthumb -u _printf_float -Wl,--start-group -lc -lm -Wl,--end-group
c:\st\stm32cubeide_1.9.0\stm32cubeide\plugins\com.st.stm32cube.ide.mcu.externaltools.gnu-tools-for-stm32.10.3-2021.10.win32_1.0.0.202111181127\tools\arm-none-eabi\bin\ld.exe: servo.elf section `.text' will not fit in region `FLASH'
c:\st\stm32cubeide_1.9.0\stm32cubeide\plugins\com.st.stm32cube.ide.mcu.externaltools.gnu-tools-for-stm32.10.3-2021.10.win32_1.0.0.202111181127\tools\arm-none-eabi\bin\ld.exe: region `FLASH' overflowed by 7652 bytes
collect2.exe: error: ld returned 1 exit status
make: *** [makefile:65: servo.elf] Error 1
"make -j4 all" terminated with exit code 2. Build might be incomplete.

17:04:28 Build Failed. 3 errors, 0 warnings. (took 733ms)

